Using pre-set license
Built from '2022.3/release' branch; Version is '2022.3.20f1 (61c2feb0970d) revision 6406910'; Using compiler version '192829333'; Build Type 'Release'
OS: 'Windows 10  (10.0.19045) 64bit Professional' Language: 'es' Physical Memory: 16348 MB
BatchMode: 1, IsHumanControllingUs: 0, StartBugReporterOnCrash: 0, Is64bit: 1, IsPro: 1

COMMAND LINE ARGUMENTS:
C:\Program Files\Unity\Hub\Editor\2022.3.20f1\Editor\Unity.exe
-adb2
-batchMode
-noUpm
-name
AssetImportWorker9
-projectPath
C:/Users/LAB03-14/Desktop/clon juego1 T3/primer-juego-taller-3
-logFile
Logs/AssetImportWorker9.log
-srvPort
51238
Successfully changed project path to: C:/Users/LAB03-14/Desktop/clon juego1 T3/primer-juego-taller-3
C:/Users/LAB03-14/Desktop/clon juego1 T3/primer-juego-taller-3
[UnityMemory] Configuration Parameters - Can be set up in boot.config
    "memorysetup-bucket-allocator-granularity=16"
    "memorysetup-bucket-allocator-bucket-count=8"
    "memorysetup-bucket-allocator-block-size=33554432"
    "memorysetup-bucket-allocator-block-count=8"
    "memorysetup-main-allocator-block-size=16777216"
    "memorysetup-thread-allocator-block-size=16777216"
    "memorysetup-gfx-main-allocator-block-size=16777216"
    "memorysetup-gfx-thread-allocator-block-size=16777216"
    "memorysetup-cache-allocator-block-size=4194304"
    "memorysetup-typetree-allocator-block-size=2097152"
    "memorysetup-profiler-bucket-allocator-granularity=16"
    "memorysetup-profiler-bucket-allocator-bucket-count=8"
    "memorysetup-profiler-bucket-allocator-block-size=33554432"
    "memorysetup-profiler-bucket-allocator-block-count=8"
    "memorysetup-profiler-allocator-block-size=16777216"
    "memorysetup-profiler-editor-allocator-block-size=1048576"
    "memorysetup-temp-allocator-size-main=16777216"
    "memorysetup-job-temp-allocator-block-size=2097152"
    "memorysetup-job-temp-allocator-block-size-background=1048576"
    "memorysetup-job-temp-allocator-reduction-small-platforms=262144"
    "memorysetup-allocator-temp-initial-block-size-main=262144"
    "memorysetup-allocator-temp-initial-block-size-worker=262144"
    "memorysetup-temp-allocator-size-background-worker=32768"
    "memorysetup-temp-allocator-size-job-worker=262144"
    "memorysetup-temp-allocator-size-preload-manager=33554432"
    "memorysetup-temp-allocator-size-nav-mesh-worker=65536"
    "memorysetup-temp-allocator-size-audio-worker=65536"
    "memorysetup-temp-allocator-size-cloud-worker=32768"
    "memorysetup-temp-allocator-size-gi-baking-worker=262144"
    "memorysetup-temp-allocator-size-gfx=262144"
Player connection [6040] Host "[IP] 100.0.0.85 [Port] 0 [Flags] 2 [Guid] 1016853646 [EditorId] 1016853646 [Version] 1048832 [Id] WindowsEditor(7,LAB03-14) [Debug] 1 [PackageName] WindowsEditor [ProjectName] Editor" joined multi-casting on [225.0.0.222:54997]...

Player connection [6040] Host "[IP] 100.0.0.85 [Port] 0 [Flags] 2 [Guid] 1016853646 [EditorId] 1016853646 [Version] 1048832 [Id] WindowsEditor(7,LAB03-14) [Debug] 1 [PackageName] WindowsEditor [ProjectName] Editor" joined alternative multi-casting on [225.0.0.222:34997]...

[Physics::Module] Initialized MultithreadedJobDispatcher with 7 workers.
Refreshing native plugins compatible for Editor in 22.83 ms, found 4 plugins.
Preloading 0 native plugins for Editor in 0.00 ms.
Initialize engine version: 2022.3.20f1 (61c2feb0970d)
[Subsystems] Discovering subsystems at path C:/Program Files/Unity/Hub/Editor/2022.3.20f1/Editor/Data/Resources/UnitySubsystems
[Subsystems] Discovering subsystems at path C:/Users/LAB03-14/Desktop/clon juego1 T3/primer-juego-taller-3/Assets
GfxDevice: creating device client; threaded=0; jobified=0
Direct3D:
    Version:  Direct3D 11.0 [level 11.0]
    Renderer: NVIDIA Quadro K600 (ID=0xffa)
    Vendor:   NVIDIA
    VRAM:     973 MB
    Driver:   10.18.13.5330
Shader Hidden/ProbeVolume/VoxelizeScene is not supported: GPU does not support conservative rasterization
Initialize mono
Mono path[0] = 'C:/Program Files/Unity/Hub/Editor/2022.3.20f1/Editor/Data/Managed'
Mono path[1] = 'C:/Program Files/Unity/Hub/Editor/2022.3.20f1/Editor/Data/MonoBleedingEdge/lib/mono/unityjit-win32'
Mono config path = 'C:/Program Files/Unity/Hub/Editor/2022.3.20f1/Editor/Data/MonoBleedingEdge/etc'
Using monoOptions --debugger-agent=transport=dt_socket,embedding=1,server=y,suspend=n,address=127.0.0.1:56308
Begin MonoManager ReloadAssembly
Registering precompiled unity dll's ...
Register platform support module: C:/Program Files/Unity/Hub/Editor/2022.3.20f1/Editor/Data/PlaybackEngines/WebGLSupport/UnityEditor.WebGL.Extensions.dll
Register platform support module: C:/Program Files/Unity/Hub/Editor/2022.3.20f1/Editor/Data/PlaybackEngines/AndroidPlayer/UnityEditor.Android.Extensions.dll
Register platform support module: C:/Program Files/Unity/Hub/Editor/2022.3.20f1/Editor/Data/PlaybackEngines/iOSSupport/UnityEditor.iOS.Extensions.dll
Register platform support module: C:/Program Files/Unity/Hub/Editor/2022.3.20f1/Editor/Data/PlaybackEngines/WindowsStandaloneSupport/UnityEditor.WindowsStandalone.Extensions.dll
Registered in 0.018272 seconds.
- Loaded All Assemblies, in  0.423 seconds
Native extension for WindowsStandalone target not found
[usbmuxd] Start listen thread
[usbmuxd] Listen thread started
Native extension for iOS target not found
Native extension for Android target not found
Android Extension - Scanning For ADB Devices 268 ms
Native extension for WebGL target not found
Mono: successfully reloaded assembly
- Finished resetting the current domain, in  0.653 seconds
Domain Reload Profiling: 1073ms
	BeginReloadAssembly (127ms)
		ExecutionOrderSort (0ms)
		DisableScriptedObjects (0ms)
		BackupInstance (0ms)
		ReleaseScriptingObjects (0ms)
		CreateAndSetChildDomain (1ms)
	RebuildCommonClasses (38ms)
	RebuildNativeTypeToScriptingClass (12ms)
	initialDomainReloadingComplete (76ms)
	LoadAllAssembliesAndSetupDomain (168ms)
		LoadAssemblies (124ms)
		RebuildTransferFunctionScriptingTraits (0ms)
		AnalyzeDomain (165ms)
			TypeCache.Refresh (163ms)
				TypeCache.ScanAssembly (149ms)
			ScanForSourceGeneratedMonoScriptInfo (1ms)
			ResolveRequiredComponents (1ms)
	FinalizeReload (653ms)
		ReleaseScriptCaches (0ms)
		RebuildScriptCaches (0ms)
		SetupLoadedEditorAssemblies (594ms)
			LogAssemblyErrors (0ms)
			InitializePlatformSupportModulesInManaged (425ms)
			SetLoadedEditorAssemblies (4ms)
			RefreshPlugins (0ms)
			BeforeProcessingInitializeOnLoad (2ms)
			ProcessInitializeOnLoadAttributes (118ms)
			ProcessInitializeOnLoadMethodAttributes (45ms)
			AfterProcessingInitializeOnLoad (0ms)
			EditorAssembliesLoaded (0ms)
		ExecutionOrderSort2 (0ms)
		AwakeInstancesAfterBackupRestoration (0ms)
========================================================================
Worker process is ready to serve import requests
Begin MonoManager ReloadAssembly
- Loaded All Assemblies, in  0.936 seconds
Refreshing native plugins compatible for Editor in 6.27 ms, found 4 plugins.
Native extension for WindowsStandalone target not found
Native extension for iOS target not found
Native extension for Android target not found
Native extension for WebGL target not found
Package Manager log level set to [2]
[Package Manager] Server::EnsureServerProcessIsRunning -- launch failed, reason: Unity was launched with the -noUpm command-line argument
[Package Manager] UpmClient::Send -- Unable to send message (not connected to UPM process).
[Package Manager] Cannot connect to Unity Package Manager local server
Mono: successfully reloaded assembly
- Finished resetting the current domain, in  0.813 seconds
Domain Reload Profiling: 1743ms
	BeginReloadAssembly (158ms)
		ExecutionOrderSort (0ms)
		DisableScriptedObjects (5ms)
		BackupInstance (0ms)
		ReleaseScriptingObjects (0ms)
		CreateAndSetChildDomain (22ms)
	RebuildCommonClasses (34ms)
	RebuildNativeTypeToScriptingClass (11ms)
	initialDomainReloadingComplete (44ms)
	LoadAllAssembliesAndSetupDomain (683ms)
		LoadAssemblies (517ms)
		RebuildTransferFunctionScriptingTraits (0ms)
		AnalyzeDomain (264ms)
			TypeCache.Refresh (215ms)
				TypeCache.ScanAssembly (189ms)
			ScanForSourceGeneratedMonoScriptInfo (36ms)
			ResolveRequiredComponents (12ms)
	FinalizeReload (814ms)
		ReleaseScriptCaches (0ms)
		RebuildScriptCaches (0ms)
		SetupLoadedEditorAssemblies (603ms)
			LogAssemblyErrors (0ms)
			InitializePlatformSupportModulesInManaged (40ms)
			SetLoadedEditorAssemblies (5ms)
			RefreshPlugins (0ms)
			BeforeProcessingInitializeOnLoad (103ms)
			ProcessInitializeOnLoadAttributes (362ms)
			ProcessInitializeOnLoadMethodAttributes (84ms)
			AfterProcessingInitializeOnLoad (9ms)
			EditorAssembliesLoaded (0ms)
		ExecutionOrderSort2 (0ms)
		AwakeInstancesAfterBackupRestoration (6ms)
Shader Hidden/ProbeVolume/VoxelizeScene is not supported: GPU does not support conservative rasterization
Launched and connected shader compiler UnityShaderCompiler.exe after 0.04 seconds
Refreshing native plugins compatible for Editor in 6.96 ms, found 4 plugins.
Preloading 0 native plugins for Editor in 0.00 ms.
Unloading 6026 Unused Serialized files (Serialized files now loaded: 0)
Unloading 98 unused Assets / (422.2 KB). Loaded Objects now: 6487.
Memory consumption went from 233.9 MB to 233.5 MB.
Total: 4.372200 ms (FindLiveObjects: 0.524500 ms CreateObjectMapping: 0.498400 ms MarkObjects: 3.114500 ms  DeleteObjects: 0.234000 ms)

AssetImportParameters requested are different than current active one (requested -> active):
  custom:scripting/monoscript/fileName/CheckPointSystem.cs: 1d2cc2772109e60c4e93c0276f0a1efa -> bef1baa16d4fab8267246df8430a1838
  custom:container-demuxer-ogg: 62fdf1f143b41e24485cea50d1cbac27 -> 
  custom:scripting/monoscript/fileName/PrevenirDispararPiso.cs: 59d80a2b1094cdf62cc3747ada9198e9 -> 2fd66ef05a4cd33cc9187d012d4ab138
  custom:scripting/monoscript/fileName/ControlesPlayer.cs: db4526abc802f6485c21ff0dd4ac39f7 -> 6569c3f618dfebb598fe661d06bb2deb
  custom:scripting/monoscript/fileName/GroundChecker.cs: 9e495d36eb66a2512047ecb11c443ce5 -> 094214972de2f9ae8609d799af581486
  custom:video-decoder-ogg-theora: a1e56fd34408186e4bbccfd4996cb3dc -> 
  custom:framework-win-MediaFoundation: 216162199b28c13a410421893ffa2e32 -> 
  custom:scripting/monoscript/fileName/Trampa.cs: 450cec0e3f467e483fd7cb53e71179dd -> b61e05d270a677076bc9f0424b88e4c6
  custom:CustomObjectIndexerAttribute: 62b5816608c3102f162a1797e29626cf -> 
  custom:scripting/monoscript/fileName/Disparar.cs: 0a43c418453254038385aa1a6c414a65 -> 3eb06369b071e93e96b0def42b4f3918
  custom:container-demuxer-webm: 4f35f7cbe854078d1ac9338744f61a02 -> 
  custom:scripting/monoscript/fileName/DatosSalto.cs: 93b7daab12f1248eb99c7a82f080a880 -> abc1e206b70dbfe0b4d60e35043b6242
  custom:container-muxer-webm: aa71ff27fc2769a1b78a27578f13a17b -> 
  custom:scripting/monoscript/fileName/LibreriaDeSonidos.cs: e172b214ba51cb12105adc5ec4329cc0 -> bc9cdfc155da97eb2b28c8d63239ef81
  custom:scripting/monoscript/fileName/CheckPoint.cs: 323daabf785fc091151a8be7ba406319 -> 8c08e913e40ee19732a42b4cc94c4e58
  custom:video-decoder-webm-vp8: 9c59270c3fd7afecdb556c50c9e8de78 -> 
  custom:scripting/monoscript/fileName/AnimacionesPlayer.cs: 23d9085d0ceb9ca235459fdf0d347fe5 -> 2b3a423c9f8af99e87172c27ac2a07cc
  custom:SearchIndexIgnoredProperties: e643bd26f0fe6173181afceb89e7c659 -> 
  custom:AudioImporter_EditorPlatform: d09bf68614088b80899f8185d706f6e7 -> 
  custom:scripting/monoscript/fileName/SpawnerSimple.cs: 711f43636d0f6162af159eb40001265e -> 4865950f678ab2cc778aca5bdb9099bb
  custom:scripting/monoscript/fileName/SoundFXManager.cs: c0d97cc91703c20c254f0d382720ec5b -> b07681813a360cf64ff890f747694ce5
  custom:scripting/monoscript/fileName/IntensidadLuzRandom.cs: 0c7d142d4e036080426e77009db1dfd4 -> 8774c896615d72d2dde2a7861dd5ea62
  custom:scripting/monoscript/fileName/Proyectil.cs: 4273c9bfd57f7a9024aa24534f23fd2f -> b7c53721b84d8c3ac2fc196d65ff7cc4
  custom:scripting/monoscript/fileName/SonidosGameObject.cs: c1c66f5f15378ab68626391bf51222cf -> bfe184710354c0e4c4e9337cdd25aaaa
  custom:video-encoder-webm-vp8: eb34c28f22e8b96e1ab97ce403110664 -> 
  custom:audio-decoder-ogg-vorbis: bf7c407c2cedff20999df2af8eb42d56 -> 
  custom:scripting/monoscript/fileName/HpSystem.cs: bf48e767df42fc2e61d8c73e48fff453 -> 0452ecfff4c58ef36eb181c85f0c84b8
  custom:scripting/monoscript/fileName/Damagable.cs: 6e1af44b9a0fb85d69b5961051331692 -> 8fcabc23302b5791dc08dbf8d809d0d7
  custom:audio-encoder-webm-vorbis: bf7c407c2cedff20999df2af8eb42d56 -> 
  custom:scripting/monoscript/fileName/EventosAnimacion.cs: 2dce7f344e1f8e0d17b9ab9dc760dda2 -> 3a5f872c0762e7a5bbd3bdb14b8134ec
========================================================================
Received Prepare
Begin MonoManager ReloadAssembly
- Loaded All Assemblies, in  0.773 seconds
Refreshing native plugins compatible for Editor in 5.73 ms, found 4 plugins.
Native extension for WindowsStandalone target not found
Native extension for iOS target not found
Native extension for Android target not found
Native extension for WebGL target not found
[Package Manager] Server::EnsureServerProcessIsRunning -- launch failed, reason: Unity was launched with the -noUpm command-line argument
[Package Manager] UpmClient::Send -- Unable to send message (not connected to UPM process).
[Package Manager] Cannot connect to Unity Package Manager local server
Mono: successfully reloaded assembly
- Finished resetting the current domain, in  1.534 seconds
Domain Reload Profiling: 2299ms
	BeginReloadAssembly (228ms)
		ExecutionOrderSort (0ms)
		DisableScriptedObjects (18ms)
		BackupInstance (0ms)
		ReleaseScriptingObjects (0ms)
		CreateAndSetChildDomain (63ms)
	RebuildCommonClasses (39ms)
	RebuildNativeTypeToScriptingClass (12ms)
	initialDomainReloadingComplete (47ms)
	LoadAllAssembliesAndSetupDomain (439ms)
		LoadAssemblies (476ms)
		RebuildTransferFunctionScriptingTraits (0ms)
		AnalyzeDomain (72ms)
			TypeCache.Refresh (23ms)
				TypeCache.ScanAssembly (1ms)
			ScanForSourceGeneratedMonoScriptInfo (33ms)
			ResolveRequiredComponents (15ms)
	FinalizeReload (1534ms)
		ReleaseScriptCaches (0ms)
		RebuildScriptCaches (0ms)
		SetupLoadedEditorAssemblies (576ms)
			LogAssemblyErrors (0ms)
			InitializePlatformSupportModulesInManaged (40ms)
			SetLoadedEditorAssemblies (5ms)
			RefreshPlugins (0ms)
			BeforeProcessingInitializeOnLoad (108ms)
			ProcessInitializeOnLoadAttributes (333ms)
			ProcessInitializeOnLoadMethodAttributes (80ms)
			AfterProcessingInitializeOnLoad (9ms)
			EditorAssembliesLoaded (0ms)
		ExecutionOrderSort2 (0ms)
		AwakeInstancesAfterBackupRestoration (14ms)
Shader Hidden/ProbeVolume/VoxelizeScene is not supported: GPU does not support conservative rasterization
Refreshing native plugins compatible for Editor in 6.04 ms, found 4 plugins.
Preloading 0 native plugins for Editor in 0.00 ms.
Unloading 5871 Unused Serialized files (Serialized files now loaded: 0)
Unloading 49 unused Assets / (391.9 KB). Loaded Objects now: 6505.
Memory consumption went from 208.1 MB to 207.7 MB.
Total: 5.597900 ms (FindLiveObjects: 0.532800 ms CreateObjectMapping: 0.478900 ms MarkObjects: 4.455000 ms  DeleteObjects: 0.130200 ms)

Prepare: number of updated asset objects reloaded= 0
AssetImportParameters requested are different than current active one (requested -> active):
  custom:scripting/monoscript/fileName/CheckPointSystem.cs: 1d2cc2772109e60c4e93c0276f0a1efa -> bef1baa16d4fab8267246df8430a1838
  custom:container-demuxer-ogg: 62fdf1f143b41e24485cea50d1cbac27 -> 
  custom:scripting/monoscript/fileName/PrevenirDispararPiso.cs: 59d80a2b1094cdf62cc3747ada9198e9 -> 2fd66ef05a4cd33cc9187d012d4ab138
  custom:scripting/monoscript/fileName/ControlesPlayer.cs: db4526abc802f6485c21ff0dd4ac39f7 -> 6569c3f618dfebb598fe661d06bb2deb
  custom:scripting/monoscript/fileName/GroundChecker.cs: 9e495d36eb66a2512047ecb11c443ce5 -> 094214972de2f9ae8609d799af581486
  custom:video-decoder-ogg-theora: a1e56fd34408186e4bbccfd4996cb3dc -> 
  custom:framework-win-MediaFoundation: 216162199b28c13a410421893ffa2e32 -> 
  custom:scripting/monoscript/fileName/Trampa.cs: 450cec0e3f467e483fd7cb53e71179dd -> b61e05d270a677076bc9f0424b88e4c6
  custom:CustomObjectIndexerAttribute: 62b5816608c3102f162a1797e29626cf -> 
  custom:scripting/monoscript/fileName/Disparar.cs: 0a43c418453254038385aa1a6c414a65 -> 3eb06369b071e93e96b0def42b4f3918
  custom:container-demuxer-webm: 4f35f7cbe854078d1ac9338744f61a02 -> 
  custom:scripting/monoscript/fileName/DatosSalto.cs: 93b7daab12f1248eb99c7a82f080a880 -> abc1e206b70dbfe0b4d60e35043b6242
  custom:container-muxer-webm: aa71ff27fc2769a1b78a27578f13a17b -> 
  custom:scripting/monoscript/fileName/LibreriaDeSonidos.cs: e172b214ba51cb12105adc5ec4329cc0 -> bc9cdfc155da97eb2b28c8d63239ef81
  custom:scripting/monoscript/fileName/CheckPoint.cs: 323daabf785fc091151a8be7ba406319 -> 8c08e913e40ee19732a42b4cc94c4e58
  custom:video-decoder-webm-vp8: 9c59270c3fd7afecdb556c50c9e8de78 -> 
  custom:scripting/monoscript/fileName/AnimacionesPlayer.cs: 23d9085d0ceb9ca235459fdf0d347fe5 -> 2b3a423c9f8af99e87172c27ac2a07cc
  custom:SearchIndexIgnoredProperties: e643bd26f0fe6173181afceb89e7c659 -> 
  custom:AudioImporter_EditorPlatform: d09bf68614088b80899f8185d706f6e7 -> 
  custom:scripting/monoscript/fileName/SpawnerSimple.cs: 711f43636d0f6162af159eb40001265e -> 4865950f678ab2cc778aca5bdb9099bb
  custom:scripting/monoscript/fileName/SoundFXManager.cs: c0d97cc91703c20c254f0d382720ec5b -> b07681813a360cf64ff890f747694ce5
  custom:scripting/monoscript/fileName/IntensidadLuzRandom.cs: 0c7d142d4e036080426e77009db1dfd4 -> 8774c896615d72d2dde2a7861dd5ea62
  custom:scripting/monoscript/fileName/Proyectil.cs: 4273c9bfd57f7a9024aa24534f23fd2f -> b7c53721b84d8c3ac2fc196d65ff7cc4
  custom:scripting/monoscript/fileName/SonidosGameObject.cs: c1c66f5f15378ab68626391bf51222cf -> bfe184710354c0e4c4e9337cdd25aaaa
  custom:video-encoder-webm-vp8: eb34c28f22e8b96e1ab97ce403110664 -> 
  custom:audio-decoder-ogg-vorbis: bf7c407c2cedff20999df2af8eb42d56 -> 
  custom:scripting/monoscript/fileName/HpSystem.cs: bf48e767df42fc2e61d8c73e48fff453 -> 0452ecfff4c58ef36eb181c85f0c84b8
  custom:scripting/monoscript/fileName/Damagable.cs: 6e1af44b9a0fb85d69b5961051331692 -> 8fcabc23302b5791dc08dbf8d809d0d7
  custom:audio-encoder-webm-vorbis: bf7c407c2cedff20999df2af8eb42d56 -> 
  custom:scripting/monoscript/fileName/EventosAnimacion.cs: 2dce7f344e1f8e0d17b9ab9dc760dda2 -> 3a5f872c0762e7a5bbd3bdb14b8134ec
